<?xml version="1.0" encoding="UTF-8"?>
<testng-results skipped="0" failed="0" ignored="0" total="1" passed="1">
  <reporter-output>
  </reporter-output>
  <suite name="Default suite" duration-ms="32" started-at="2018-11-19T02:55:51Z" finished-at="2018-11-19T02:55:51Z">
    <groups>
    </groups>
    <test name="Default test" duration-ms="32" started-at="2018-11-19T02:55:51Z" finished-at="2018-11-19T02:55:51Z">
      <class name="firsttestngpackage.FirstTestNGFile">
        <test-method status="PASS" signature="f()[pri:0, instance:firsttestngpackage.FirstTestNGFile@646d64ab]" name="f" duration-ms="8" started-at="2018-11-19T02:55:51Z" finished-at="2018-11-19T02:55:51Z">
          <reporter-output>
          </reporter-output>
        </test-method> <!-- f -->
      </class> <!-- firsttestngpackage.FirstTestNGFile -->
    </test> <!-- Default test -->
  </suite> <!-- Default suite -->
</testng-results>
